#
# A fatal error has been detected by the Java Runtime Environment:
#
#  EXCEPTION_ACCESS_VIOLATION (0xc0000005) at pc=0x00007ffaa9491b79, pid=15692, tid=21724
#
# JRE version:  (21.0.8+9) (build )
# Java VM: OpenJDK 64-Bit Server VM (21.0.8+9-LTS, mixed mode, sharing, tiered, compressed class ptrs, unknown gc, windows-amd64)
# Problematic frame:
# C  [jimage.dll+0x1b79]
#
# No core dump will be written. Minidumps are not enabled by default on client versions of Windows
#
#

---------------  S U M M A R Y ------------

Command Line: 

Host: 12th Gen Intel(R) Core(TM) i5-1240P, 16 cores, 7G,  Windows 11 , 64 bit Build 22621 (10.0.22621.3958)
Time: Sat Aug  9 01:49:27 2025 India Standard Time elapsed time: 0.019917 seconds (0d 0h 0m 0s)

---------------  T H R E A D  ---------------

Current thread is native thread

Stack: [0x0000002848800000,0x0000002848900000],  sp=0x00000028488fe260,  free space=1016k
Native frames: (J=compiled Java code, j=interpreted, Vv=VM code, C=native code)
C  [jimage.dll+0x1b79]
C  [jimage.dll+0x1d03]
C  [jimage.dll+0x25c9]
V  [jvm.dll+0x21ec82]
V  [jvm.dll+0xc9f40]
V  [jvm.dll+0x86040c]
V  [jvm.dll+0x4530ee]
V  [jvm.dll+0x454d31]
C  [jli.dll+0x5278]
C  [ucrtbase.dll+0x29333]
C  [KERNEL32.DLL+0x1257d]
C  [ntdll.dll+0x5af08]


siginfo: EXCEPTION_ACCESS_VIOLATION (0xc0000005), reading address 0x0000000000019bfc


Registers:
RAX=0x00000000000007b4, RBX=0x00000028488fe351, RCX=0x00007ffaa9496000, RDX=0x00000000000066f8
RSP=0x00000028488fe260, RBP=0x00000028488fe350, RSI=0x0000000000007625, RDI=0x00000028488fe350
R8 =0x00007ffaa9494298, R9 =0x000000000000001c, R10=0x00007ffaa4d00000, R11=0x00007ffaa9496000
R12=0x0000000000000000, R13=0x00000028488ffde0, R14=0x00000028488ff3c0, R15=0x00007ffa1997d410
RIP=0x00007ffaa9491b79, EFLAGS=0x0000000000010247

XMM[0]=0x0000000000000000 0x0000000000000000
XMM[1]=0x2f6d762f6c616e72 0x65746e692f6b646a
XMM[2]=0x736e6f6974706f2f 0x6d762f6c616e7265
XMM[3]=0x0000000000000000 0x0000000000000000
XMM[4]=0x0000000000000000 0x0000000000000000
XMM[5]=0x0000000000000000 0x0000000000000000
XMM[6]=0x0000000000000000 0x0000000000000000
XMM[7]=0x0000000000000000 0x0000000000000000
XMM[8]=0x0000000000000000 0x0000000000000000
XMM[9]=0x0000000000000000 0x0000000000000000
XMM[10]=0x0000000000000000 0x0000000000000000
XMM[11]=0x0000000000000000 0x0000000000000000
XMM[12]=0x0000000000000000 0x0000000000000000
XMM[13]=0x0000000000000000 0x0000000000000000
XMM[14]=0x0000000000000000 0x0000000000000000
XMM[15]=0x0000000000000000 0x0000000000000000
  MXCSR=0x00001f80


Top of Stack: (sp=0x00000028488fe260)
0x00000028488fe260:   0061006d0041005c 006100530020006e
0x00000028488fe270:   0074006e0061006d 0076002e005c0061
0x00000028488fe280:   000001397d931210 00007ffaa9491d03
0x00000028488fe290:   000000000000000b 000001397d931210
0x00000028488fe2a0:   006400650072005c 002e007400610068
0x00000028488fe2b0:   006100760061006a 0034002e0031002d
0x00000028488fe2c0:   002d0030002e0034 0033006e00690077
0x00000028488fe2d0:   00360078002d0032 0072006a005c0034
0x00000028488fe2e0:   00310032005c0065 0038002e0030002e
0x00000028488fe2f0:   00007c3345b9f5ee 0078002d00320033
0x00000028488fe300:   00007ffa1995adb0 0000000000000017
0x00000028488fe310:   000001397d931210 00000028488ff3c0
0x00000028488fe320:   000000000000000b 00007ffaa94925c9
0x00000028488fe330:   0000000000000000 0000000000000000
0x00000028488fe340:   0000000000000000 0000000000000000
0x00000028488fe350:   61622e6176616a2f 692f6b646a2f6573
0x00000028488fe360:   2f6c616e7265746e 6f6974706f2f6d76
0x00000028488fe370:   000000000000736e 0000000000000000
0x00000028488fe380:   0000000000000000 0000000000000000
0x00000028488fe390:   0000000000000000 0000000000000000
0x00000028488fe3a0:   0000000000000000 0000000000000000
0x00000028488fe3b0:   0000000000000000 0000000000000000
0x00000028488fe3c0:   0000000000000000 0000000000000000
0x00000028488fe3d0:   0000000000000000 0000000000000000
0x00000028488fe3e0:   0000000000000000 0000000000000000
0x00000028488fe3f0:   0000000000000000 0000000000000000
0x00000028488fe400:   0000000000000000 0000000000000000
0x00000028488fe410:   0000000000000000 0000000000000000
0x00000028488fe420:   0000000000000000 0000000000000000
0x00000028488fe430:   0000000000000000 0000000000000000
0x00000028488fe440:   0000000000000000 0000000000000000
0x00000028488fe450:   0000000000000000 0000000040000040 

Instructions: (pc=0x00007ffaa9491b79)
0x00007ffaa9491a79:   48 85 c9 74 1d 80 3d 8b 45 00 00 00 74 06 48 8b
0x00007ffaa9491a89:   53 18 eb 04 48 8b 53 40 e8 8e 0e 00 00 48 83 63
0x00007ffaa9491a99:   48 00 8b 4b 0c 83 f9 ff 74 09 e8 c4 0c 00 00 83
0x00007ffaa9491aa9:   4b 0c ff 48 8b 4b 70 48 85 c9 74 0f ba 10 00 00
0x00007ffaa9491ab9:   00 e8 e5 0e 00 00 48 83 63 70 00 48 83 c4 20 5b
0x00007ffaa9491ac9:   c3 cc cc 40 53 48 83 ec 20 48 8b d9 48 8d 0d 44
0x00007ffaa9491ad9:   47 00 00 e8 93 0c 00 00 83 6b 08 01 75 24 48 8b
0x00007ffaa9491ae9:   d3 48 8d 0d 27 45 00 00 e8 1a 08 00 00 48 8b cb
0x00007ffaa9491af9:   e8 d6 fe ff ff ba 78 00 00 00 48 8b cb e8 99 0e
0x00007ffaa9491b09:   00 00 48 8d 0d 0e 47 00 00 48 83 c4 20 5b e9 60
0x00007ffaa9491b19:   0c 00 00 48 89 5c 24 08 48 89 74 24 10 57 48 83
0x00007ffaa9491b29:   ec 20 41 8b f1 4d 8b c8 48 8b fa 4c 8b d9 4d 85
0x00007ffaa9491b39:   c0 74 73 85 f6 74 6f 44 8a 12 48 8d 5a 01 48 8b
0x00007ffaa9491b49:   d3 b8 93 01 00 01 eb 12 69 c0 93 01 00 01 41 0f
0x00007ffaa9491b59:   b6 ca 44 8a 12 33 c1 48 ff c2 45 84 d2 75 e9 4d
0x00007ffaa9491b69:   8b 03 33 d2 0f ba f0 1f 49 8b cb f7 f6 48 63 d2
0x00007ffaa9491b79:   41 8b 14 91 41 ff 50 08 85 c0 7e 24 8a 0f eb 10
0x00007ffaa9491b89:   69 c0 93 01 00 01 0f b6 c9 33 c1 8a 0b 48 ff c3
0x00007ffaa9491b99:   84 c9 75 ec 0f ba f0 1f 33 d2 f7 f6 8b c2 eb 09
0x00007ffaa9491ba9:   79 04 f7 d0 eb 03 83 c8 ff 48 8b 5c 24 30 48 8b
0x00007ffaa9491bb9:   74 24 38 48 83 c4 20 5f c3 cc cc 48 89 5c 24 08
0x00007ffaa9491bc9:   48 89 74 24 10 57 48 83 ec 20 48 8b f1 48 8d 0d
0x00007ffaa9491bd9:   43 46 00 00 e8 92 0b 00 00 33 ff 39 3d 2e 44 00
0x00007ffaa9491be9:   00 76 24 48 8b 05 2d 44 00 00 48 8b d6 48 8b 1c
0x00007ffaa9491bf9:   f8 48 8b 0b e8 68 1e 00 00 85 c0 74 2b ff c7 3b
0x00007ffaa9491c09:   3d 0a 44 00 00 72 dc 33 db 48 8d 0d 07 46 00 00
0x00007ffaa9491c19:   e8 5e 0b 00 00 48 8b 74 24 38 48 8b c3 48 8b 5c
0x00007ffaa9491c29:   24 30 48 83 c4 20 5f c3 ff 43 08 eb dc cc cc 48
0x00007ffaa9491c39:   89 5c 24 08 48 89 74 24 10 57 48 83 ec 20 48 8b
0x00007ffaa9491c49:   d9 48 8b f2 48 8b 49 10 49 8b f8 8b 53 30 48 8b
0x00007ffaa9491c59:   01 ff 50 20 4c 8b 43 50 48 8b d6 48 8b 4b 10 44
0x00007ffaa9491c69:   8b c8 e8 ac fe ff ff 83 f8 ff 74 38 48 8b 4b 10 



---------------  P R O C E S S  ---------------

VM state: not at safepoint (not fully initialized)

VM Mutex/Monitor currently owned by a thread: None

CDS archive(s) mapped at: [0x0000000000000000-0x0000000000000000-0x0000000000000000), size 0, SharedBaseAddress: 0x0000000800000000, ArchiveRelocationMode: 1.
Narrow klass base: 0x0000000000000000, Narrow klass shift: 0, Narrow klass range: 0x0

GC Precious Log:
<Not initialized>


Dynamic libraries:
0x00007ff73aef0000 - 0x00007ff73aefe000 	c:\Users\Aman Samanta\.vscode\extensions\redhat.java-1.44.0-win32-x64\jre\21.0.8-win32-x86_64\bin\java.exe
0x00007ffad5b70000 - 0x00007ffad5d87000 	C:\WINDOWS\SYSTEM32\ntdll.dll
0x00007ffad3a00000 - 0x00007ffad3ac4000 	C:\WINDOWS\System32\KERNEL32.DLL
0x00007ffad3110000 - 0x00007ffad34c7000 	C:\WINDOWS\System32\KERNELBASE.dll
0x00007ffad3610000 - 0x00007ffad3721000 	C:\WINDOWS\System32\ucrtbase.dll
0x00007ffaa4d00000 - 0x00007ffaa4d1e000 	c:\Users\Aman Samanta\.vscode\extensions\redhat.java-1.44.0-win32-x64\jre\21.0.8-win32-x86_64\bin\VCRUNTIME140.dll
0x00007ffa9d1f0000 - 0x00007ffa9d208000 	c:\Users\Aman Samanta\.vscode\extensions\redhat.java-1.44.0-win32-x64\jre\21.0.8-win32-x86_64\bin\jli.dll
0x00007ffab27d0000 - 0x00007ffab2a63000 	C:\WINDOWS\WinSxS\amd64_microsoft.windows.common-controls_6595b64144ccf1df_6.0.22621.3672_none_2713b9d173822955\COMCTL32.dll
0x00007ffad4610000 - 0x00007ffad47bf000 	C:\WINDOWS\System32\USER32.dll
0x00007ffad50a0000 - 0x00007ffad5147000 	C:\WINDOWS\System32\msvcrt.dll
0x00007ffad2fd0000 - 0x00007ffad2ff6000 	C:\WINDOWS\System32\win32u.dll
0x00007ffad5330000 - 0x00007ffad5359000 	C:\WINDOWS\System32\GDI32.dll
0x00007ffad2eb0000 - 0x00007ffad2fc8000 	C:\WINDOWS\System32\gdi32full.dll
0x00007ffad3070000 - 0x00007ffad310a000 	C:\WINDOWS\System32\msvcp_win.dll
0x00007ffad4440000 - 0x00007ffad4471000 	C:\WINDOWS\System32\IMM32.DLL
0x00007ffab5cc0000 - 0x00007ffab5ccc000 	c:\Users\Aman Samanta\.vscode\extensions\redhat.java-1.44.0-win32-x64\jre\21.0.8-win32-x86_64\bin\vcruntime140_1.dll
0x00007ffa6e4c0000 - 0x00007ffa6e54d000 	c:\Users\Aman Samanta\.vscode\extensions\redhat.java-1.44.0-win32-x64\jre\21.0.8-win32-x86_64\bin\msvcp140.dll
0x00007ffa18f70000 - 0x00007ffa19d07000 	c:\Users\Aman Samanta\.vscode\extensions\redhat.java-1.44.0-win32-x64\jre\21.0.8-win32-x86_64\bin\server\jvm.dll
0x00007ffad58b0000 - 0x00007ffad5962000 	C:\WINDOWS\System32\ADVAPI32.dll
0x00007ffad48a0000 - 0x00007ffad4948000 	C:\WINDOWS\System32\sechost.dll
0x00007ffad2e80000 - 0x00007ffad2ea8000 	C:\WINDOWS\System32\bcrypt.dll
0x00007ffad5780000 - 0x00007ffad5894000 	C:\WINDOWS\System32\RPCRT4.dll
0x00007ffad4340000 - 0x00007ffad43b1000 	C:\WINDOWS\System32\WS2_32.dll
0x00007ffad2d50000 - 0x00007ffad2d9d000 	C:\WINDOWS\SYSTEM32\POWRPROF.dll
0x00007ffac8d80000 - 0x00007ffac8db4000 	C:\WINDOWS\SYSTEM32\WINMM.dll
0x00007ffac6840000 - 0x00007ffac684a000 	C:\WINDOWS\SYSTEM32\VERSION.dll
0x00007ffad2d30000 - 0x00007ffad2d43000 	C:\WINDOWS\SYSTEM32\UMPDC.dll
0x00007ffad1ed0000 - 0x00007ffad1ee8000 	C:\WINDOWS\SYSTEM32\kernel.appcore.dll
0x00007ffaa9490000 - 0x00007ffaa949a000 	c:\Users\Aman Samanta\.vscode\extensions\redhat.java-1.44.0-win32-x64\jre\21.0.8-win32-x86_64\bin\jimage.dll
0x00007ffad07b0000 - 0x00007ffad09e2000 	C:\WINDOWS\SYSTEM32\DBGHELP.DLL
0x00007ffad53f0000 - 0x00007ffad577e000 	C:\WINDOWS\System32\combase.dll
0x00007ffad51a0000 - 0x00007ffad5277000 	C:\WINDOWS\System32\OLEAUT32.dll
0x00007ffab21b0000 - 0x00007ffab21e2000 	C:\WINDOWS\SYSTEM32\dbgcore.DLL
0x00007ffad3590000 - 0x00007ffad360b000 	C:\WINDOWS\System32\bcryptPrimitives.dll

JVMTI agents: none

dbghelp: loaded successfully - version: 4.0.5 - missing functions: none
symbol engine: initialized successfully - sym options: 0x614 - pdb path: .;c:\Users\Aman Samanta\.vscode\extensions\redhat.java-1.44.0-win32-x64\jre\21.0.8-win32-x86_64\bin;C:\WINDOWS\SYSTEM32;C:\WINDOWS\WinSxS\amd64_microsoft.windows.common-controls_6595b64144ccf1df_6.0.22621.3672_none_2713b9d173822955;c:\Users\Aman Samanta\.vscode\extensions\redhat.java-1.44.0-win32-x64\jre\21.0.8-win32-x86_64\bin\server

VM Arguments:
java_command: <unknown>
java_class_path (initial): <not set>
Launcher Type: SUN_STANDARD

[Global flags]
     bool UseLargePagesIndividualAllocation        = false                                  {pd product} {ergonomic}

Logging:
Log output configuration:
 #0: stdout all=warning uptime,level,tags foldmultilines=false
 #1: stderr all=off uptime,level,tags foldmultilines=false

Environment Variables:
JAVA_HOME=C:\Program Files\Microsoft\jdk-17.0.10.7-hotspot
PATH=C:\Program Files\Python313\Scripts\;C:\Program Files\Python313\;C:\Program Files\Microsoft\jdk-17.0.10.7-hotspot\bin;D:\SOFTWARE FILE\java2\jdk-21.0.1.12-hotspot\bin;C:\ProgramData\Oracle\Java\javapath;C:\Program Files\Common Files\Oracle\Java\javapath;C:\Program Files (x86)\Common Files\Oracle\Java\java8path;C:\Program Files (x86)\Common Files\Oracle\Java\javapath;C:\WINDOWS\system32;C:\WINDOWS;C:\WINDOWS\System32\Wbem;C:\WINDOWS\System32\WindowsPowerShell\v1.0\;C:\WINDOWS\System32\OpenSSH\;D:\SOFTWARE FILE\Java\jdk-9.0.1\bin;C:\Program Files\Microsoft SQL Server\Client SDK\ODBC\170\Tools\Binn\;C:\Program Files (x86)\Microsoft SQL Server\160\Tools\Binn\;C:\Program Files\Microsoft SQL Server\160\Tools\Binn\;C:\Program Files\Microsoft SQL Server\160\DTS\Binn\;C:\ProgramData\chocolatey\bin;C:\Program Files\HP\HP One Agent;C:\Program Files\Git\cmd;C:\Program Files\MongoDB\Server\7.0\bin;D:\nodejs\;D:\Android;D:\Android\SDK;D:\Android\SDK\platform-tools;D:\Android\SDK\build-tools;D:\SVU PROJECT\WishPay\tools;D:\SVU PROJECT\WishPay\tools\bin;C:\xampp\php;D:\python\Scripts\;D:\python\;C:\Users\Aman Samanta\AppData\Local\Microsoft\WindowsApps;C:\Users\Aman Samanta\AppData\Local\Programs\Microsoft VS Code\bin;C:\Program Files\Java\jdk-20\bin;C:\Users\Aman Samanta\AppData\Local\Programs\mongosh\;C:\Program Files\MongoDB\Server\7.0\bin;C:\Users\Aman Samanta\AppData\Local\Android\Sdk\platform-tools;C:\Program Files\Microsoft\jdk-17.0.10.7-hotspot\bin;C:\Users\Aman Samanta\AppData\Roaming\npm;D:\Android;D:\Android\SDK;D:\Android\SDK\platform-tools;D:\Android\SDK\build-tools;D:\SVU PROJECT\WishPay\tools;D:\SVU PROJECT\WishPay\tools\bin;C:\Users\Aman Samanta\AppData\Roaming\Composer\vendor\bin
USERNAME=Aman Samanta
OS=Windows_NT
PROCESSOR_IDENTIFIER=Intel64 Family 6 Model 154 Stepping 3, GenuineIntel
TMP=C:\Users\AMANSA~1\AppData\Local\Temp
TEMP=C:\Users\AMANSA~1\AppData\Local\Temp




Periodic native trim disabled

---------------  S Y S T E M  ---------------

OS:
 Windows 11 , 64 bit Build 22621 (10.0.22621.3958)
OS uptime: 0 days 23:43 hours

CPU: total 16 (initial active 0) 
Processor Information for processor 0
  Max Mhz: 1700, Current Mhz: 1700, Mhz Limit: 1700
Processor Information for processor 1
  Max Mhz: 1700, Current Mhz: 1700, Mhz Limit: 1700
Processor Information for processor 2
  Max Mhz: 1700, Current Mhz: 1700, Mhz Limit: 1700
Processor Information for processor 3
  Max Mhz: 1700, Current Mhz: 1700, Mhz Limit: 1700
Processor Information for processor 4
  Max Mhz: 1700, Current Mhz: 1700, Mhz Limit: 1700
Processor Information for processor 5
  Max Mhz: 1700, Current Mhz: 1700, Mhz Limit: 1700
Processor Information for processor 6
  Max Mhz: 1700, Current Mhz: 1700, Mhz Limit: 1700
Processor Information for processor 7
  Max Mhz: 1700, Current Mhz: 1700, Mhz Limit: 1700
Processor Information for processor 8
  Max Mhz: 1700, Current Mhz: 1200, Mhz Limit: 1190
Processor Information for processor 9
  Max Mhz: 1700, Current Mhz: 1200, Mhz Limit: 1190
Processor Information for processor 10
  Max Mhz: 1700, Current Mhz: 1200, Mhz Limit: 1190
Processor Information for processor 11
  Max Mhz: 1700, Current Mhz: 1200, Mhz Limit: 1190
Processor Information for processor 12
  Max Mhz: 1700, Current Mhz: 1200, Mhz Limit: 1190
Processor Information for processor 13
  Max Mhz: 1700, Current Mhz: 1200, Mhz Limit: 1190
Processor Information for processor 14
  Max Mhz: 1700, Current Mhz: 1200, Mhz Limit: 1190
Processor Information for processor 15
  Max Mhz: 1700, Current Mhz: 1200, Mhz Limit: 1190

Memory: 4k page, system-wide physical 7863M (340M free)
TotalPageFile size 29951M (AvailPageFile size 235M)
current process WorkingSet (physical memory assigned to process): 8M, peak: 8M
current process commit charge ("private bytes"): 3M, peak: 3M

vm_info: OpenJDK 64-Bit Server VM (21.0.8+9-LTS) for windows-amd64 JRE (21.0.8+9-LTS), built on 2025-07-15T00:00:00Z by "admin" with MS VC++ 17.7 (VS2022)

END.
